<?xml version="1.0" encoding="UTF-8"?>
<testng-results ignored="0" total="1" passed="1" failed="0" skipped="0">
  <reporter-output>
  </reporter-output>
  <suite started-at="2021-02-28T02:03:57 IST" name="Default suite" finished-at="2021-02-28T02:03:58 IST" duration-ms="804">
    <groups>
    </groups>
    <test started-at="2021-02-28T02:03:57 IST" name="Default test" finished-at="2021-02-28T02:03:58 IST" duration-ms="804">
      <class name="utils.ExcelDataProvider">
        <test-method signature="Test1(java.lang.String, java.lang.String, java.lang.String, java.lang.String)[pri:0, instance:utils.ExcelDataProvider@16610890]" started-at="2021-02-28T02:03:58 IST" name="Test1" data-provider="test1data" finished-at="2021-02-28T02:03:58 IST" duration-ms="7" status="PASS">
          <params>
            <param index="0">
              <value>
                <![CDATA[sravan]]>
              </value>
            </param>
            <param index="1">
              <value>
                <![CDATA[kumar]]>
              </value>
            </param>
            <param index="2">
              <value>
                <![CDATA[sravan137995]]>
              </value>
            </param>
            <param index="3">
              <value>
                <![CDATA[abcd@4321]]>
              </value>
            </param>
          </params>
          <reporter-output>
          </reporter-output>
        </test-method> <!-- Test1 -->
      </class> <!-- utils.ExcelDataProvider -->
    </test> <!-- Default test -->
  </suite> <!-- Default suite -->
</testng-results>
