<?xml version="1.0" encoding="UTF-8"?>
<testng-results ignored="0" total="1" passed="1" failed="0" skipped="0">
  <reporter-output>
  </reporter-output>
  <suite started-at="2021-02-27T11:26:21 IST" name="Default suite" finished-at="2021-02-27T11:26:38 IST" duration-ms="16437">
    <groups>
    </groups>
    <test started-at="2021-02-27T11:26:21 IST" name="Default test" finished-at="2021-02-27T11:26:38 IST" duration-ms="16437">
      <class name="demo.KatalonRecorderDemo">
        <test-method is-config="true" signature="setUp()[pri:0, instance:demo.KatalonRecorderDemo@57d7f8ca]" started-at="2021-02-27T11:26:21 IST" name="setUp" finished-at="2021-02-27T11:26:24 IST" duration-ms="2725" status="PASS">
          <reporter-output>
          </reporter-output>
        </test-method> <!-- setUp -->
        <test-method signature="testKatalonRecorderTest1()[pri:0, instance:demo.KatalonRecorderDemo@57d7f8ca]" started-at="2021-02-27T11:26:24 IST" name="testKatalonRecorderTest1" finished-at="2021-02-27T11:26:37 IST" duration-ms="12924" status="PASS">
          <reporter-output>
          </reporter-output>
        </test-method> <!-- testKatalonRecorderTest1 -->
        <test-method is-config="true" signature="tearDown()[pri:0, instance:demo.KatalonRecorderDemo@57d7f8ca]" started-at="2021-02-27T11:26:37 IST" name="tearDown" finished-at="2021-02-27T11:26:38 IST" duration-ms="717" status="PASS">
          <reporter-output>
          </reporter-output>
        </test-method> <!-- tearDown -->
      </class> <!-- demo.KatalonRecorderDemo -->
    </test> <!-- Default test -->
  </suite> <!-- Default suite -->
</testng-results>
