<?xml version="1.0" encoding="UTF-8"?>
<!-- Generated by org.testng.reporters.JUnitXMLReporter -->
<testsuite ignored="1" hostname="SK" failures="0" tests="0" time="0.054" errors="0" timestamp="2021-02-28T00:03:44 IST">
  <testcase classname="login.signupDemo" name="@AfterTest tearDown" time="0.019">
    <failure type="java.lang.NullPointerException" message="Cannot invoke &amp;quot;com.aventstack.extentreports.ExtentReports.createTest(String, String)&amp;quot; because &amp;quot;login.signupDemo.extent&amp;quot; is null">
      <![CDATA[java.lang.NullPointerException: Cannot invoke "com.aventstack.extentreports.ExtentReports.createTest(String, String)" because "login.signupDemo.extent" is null
at login.signupDemo.tearDown(signupDemo.java:109)
... Removed 24 stack frames]]>
    </failure>
  </testcase> <!-- @AfterTest tearDown -->
  <testcase classname="login.signupDemo" name="signUpTest" time="0.0">
    <ignored/>
  </testcase> <!-- signUpTest -->
</testsuite>
